#
# There is insufficient memory for the Java Runtime Environment to continue.
# Native memory allocation (malloc) failed to allocate 53344 bytes for Chunk::new
# Possible reasons:
#   The system is out of physical RAM or swap space
#   The process is running with CompressedOops enabled, and the Java Heap may be blocking the growth of the native heap
# Possible solutions:
#   Reduce memory load on the system
#   Increase physical memory or swap space
#   Check if swap backing store is full
#   Decrease Java heap size (-Xmx/-Xms)
#   Decrease number of Java threads
#   Decrease Java thread stack sizes (-Xss)
#   Set larger code cache with -XX:ReservedCodeCacheSize=
#   JVM is running with Zero Based Compressed Oops mode in which the Java heap is
#     placed in the first 32GB address space. The Java Heap base address is the
#     maximum limit for the native heap growth. Please use -XX:HeapBaseMinAddress
#     to set the Java Heap base and to place the Java Heap above 32GB virtual address.
# This output file may be truncated or incomplete.
#
#  Out of Memory Error (arena.cpp:189), pid=8636, tid=7076
#
# JRE version: OpenJDK Runtime Environment JBR-17.0.6+10-829.9-jcef (17.0.6+10) (build 17.0.6+10-b829.9)
# Java VM: OpenJDK 64-Bit Server VM JBR-17.0.6+10-829.9-jcef (17.0.6+10-b829.9, mixed mode, tiered, compressed oops, compressed class ptrs, g1 gc, windows-amd64)
# No core dump will be written. Minidumps are not enabled by default on client versions of Windows
#

---------------  S U M M A R Y ------------

Command Line: git4idea.http.GitAskPassApp Username for 'https://github.com': 

Host: Intel(R) Core(TM) i5-8350U CPU @ 1.70GHz, 8 cores, 15G,  Windows 10 , 64 bit Build 19041 (10.0.19041.3031)
Time: Wed Jun 21 09:10:06 2023 Eastern Daylight Time elapsed time: 0.350994 seconds (0d 0h 0m 0s)

---------------  T H R E A D  ---------------

Current thread (0x000001a1d6e822f0):  JavaThread "C2 CompilerThread1" daemon [_thread_in_native, id=7076, stack(0x0000000a54300000,0x0000000a54400000)]


Current CompileTask:
C2:    351  434       4       jdk.internal.org.objectweb.asm.ByteVector::putUTF8 (144 bytes)

Stack: [0x0000000a54300000,0x0000000a54400000]
Native frames: (J=compiled Java code, j=interpreted, Vv=VM code, C=native code)
V  [jvm.dll+0x683c5a]
V  [jvm.dll+0x842764]
V  [jvm.dll+0x843f5e]
V  [jvm.dll+0x8445c3]
V  [jvm.dll+0x249b75]
V  [jvm.dll+0xabcac]
V  [jvm.dll+0xac27c]
V  [jvm.dll+0x368857]
V  [jvm.dll+0x332f31]
V  [jvm.dll+0x3323da]
V  [jvm.dll+0x21c201]
V  [jvm.dll+0x21b621]
V  [jvm.dll+0x1a4fdd]
V  [jvm.dll+0x22b098]
V  [jvm.dll+0x229159]
V  [jvm.dll+0x7f81ac]
V  [jvm.dll+0x7f270a]
V  [jvm.dll+0x682a95]
C  [ucrtbase.dll+0x21bb2]
C  [KERNEL32.DLL+0x17614]
C  [ntdll.dll+0x526f1]


---------------  P R O C E S S  ---------------

Threads class SMR info:
_java_thread_list=0x000001a1d6e69bc0, length=13, elements={
0x000001a1b56ae560, 0x000001a1d6c7ee40, 0x000001a1d6c7fcb0, 0x000001a1d6cab680,
0x000001a1d6cad150, 0x000001a1d6cafc10, 0x000001a1d6cb05c0, 0x000001a1d6cb12a0,
0x000001a1d6cb1c90, 0x000001a1d6cb2680, 0x000001a1d6e4ca90, 0x000001a1d6e4d520,
0x000001a1d6e822f0
}

Java Threads: ( => current thread )
  0x000001a1b56ae560 JavaThread "main" [_thread_in_vm, id=15476, stack(0x0000000a53000000,0x0000000a53100000)]
  0x000001a1d6c7ee40 JavaThread "Reference Handler" daemon [_thread_blocked, id=9436, stack(0x0000000a53700000,0x0000000a53800000)]
  0x000001a1d6c7fcb0 JavaThread "Finalizer" daemon [_thread_blocked, id=19684, stack(0x0000000a53800000,0x0000000a53900000)]
  0x000001a1d6cab680 JavaThread "Signal Dispatcher" daemon [_thread_blocked, id=13252, stack(0x0000000a53900000,0x0000000a53a00000)]
  0x000001a1d6cad150 JavaThread "Attach Listener" daemon [_thread_blocked, id=14444, stack(0x0000000a53a00000,0x0000000a53b00000)]
  0x000001a1d6cafc10 JavaThread "Service Thread" daemon [_thread_blocked, id=10784, stack(0x0000000a53b00000,0x0000000a53c00000)]
  0x000001a1d6cb05c0 JavaThread "Monitor Deflation Thread" daemon [_thread_blocked, id=3532, stack(0x0000000a53c00000,0x0000000a53d00000)]
  0x000001a1d6cb12a0 JavaThread "C2 CompilerThread0" daemon [_thread_blocked, id=5144, stack(0x0000000a53d00000,0x0000000a53e00000)]
  0x000001a1d6cb1c90 JavaThread "C1 CompilerThread0" daemon [_thread_blocked, id=19884, stack(0x0000000a53e00000,0x0000000a53f00000)]
  0x000001a1d6cb2680 JavaThread "Sweeper thread" daemon [_thread_blocked, id=19464, stack(0x0000000a53f00000,0x0000000a54000000)]
  0x000001a1d6e4ca90 JavaThread "Notification Thread" daemon [_thread_blocked, id=16000, stack(0x0000000a54000000,0x0000000a54100000)]
  0x000001a1d6e4d520 JavaThread "Common-Cleaner" daemon [_thread_blocked, id=14976, stack(0x0000000a54200000,0x0000000a54300000)]
=>0x000001a1d6e822f0 JavaThread "C2 CompilerThread1" daemon [_thread_in_native, id=7076, stack(0x0000000a54300000,0x0000000a54400000)]

Other Threads:
  0x000001a1d6c53620 VMThread "VM Thread" [stack: 0x0000000a53600000,0x0000000a53700000] [id=9220]
  0x000001a1b572fb00 WatcherThread [stack: 0x0000000a54100000,0x0000000a54200000] [id=6960]
  0x000001a1b5717dd0 GCTaskThread "GC Thread#0" [stack: 0x0000000a53100000,0x0000000a53200000] [id=14936]
  0x000001a1b5728b20 ConcurrentGCThread "G1 Main Marker" [stack: 0x0000000a53200000,0x0000000a53300000] [id=19996]
  0x000001a1b5729530 ConcurrentGCThread "G1 Conc#0" [stack: 0x0000000a53300000,0x0000000a53400000] [id=8844]
  0x000001a1d613d1f0 ConcurrentGCThread "G1 Refine#0" [stack: 0x0000000a53400000,0x0000000a53500000] [id=15516]
  0x000001a1d613dc10 ConcurrentGCThread "G1 Service" [stack: 0x0000000a53500000,0x0000000a53600000] [id=19860]

Threads with active compile tasks:
C2 CompilerThread1      377  434       4       jdk.internal.org.objectweb.asm.ByteVector::putUTF8 (144 bytes)

VM state: not at safepoint (normal execution)

VM Mutex/Monitor currently owned by a thread: None

Heap address: 0x0000000701e00000, size: 4066 MB, Compressed Oops mode: Zero based, Oop shift amount: 3

CDS archive(s) not mapped
Compressed class space mapped at: 0x0000000800000000-0x0000000840000000, reserved size: 1073741824
Narrow klass base: 0x0000000800000000, Narrow klass shift: 0, Narrow klass range: 0x40000000

GC Precious Log:
 CPUs: 8 total, 8 available
 Memory: 16259M
 Large Page Support: Disabled
 NUMA Support: Disabled
 Compressed Oops: Enabled (Zero based)
 Heap Region Size: 2M
 Heap Min Capacity: 8M
 Heap Initial Capacity: 256M
 Heap Max Capacity: 4066M
 Pre-touch: Disabled
 Parallel Workers: 8
 Concurrent Workers: 2
 Concurrent Refinement Workers: 8
 Periodic GC: Disabled

Heap:
 garbage-first heap   total 262144K, used 4096K [0x0000000701e00000, 0x0000000800000000)
  region size 2048K, 3 young (6144K), 0 survivors (0K)
 Metaspace       used 10910K, committed 11072K, reserved 1064960K
  class space    used 1049K, committed 1152K, reserved 1048576K

Heap Regions: E=young(eden), S=young(survivor), O=old, HS=humongous(starts), HC=humongous(continues), CS=collection set, F=free, OA=open archive, CA=closed archive, TAMS=top-at-mark-start (previous, next)
|   0|0x0000000701e00000, 0x0000000701e00000, 0x0000000702000000|  0%| F|  |TAMS 0x0000000701e00000, 0x0000000701e00000| Untracked 
|   1|0x0000000702000000, 0x0000000702000000, 0x0000000702200000|  0%| F|  |TAMS 0x0000000702000000, 0x0000000702000000| Untracked 
|   2|0x0000000702200000, 0x0000000702200000, 0x0000000702400000|  0%| F|  |TAMS 0x0000000702200000, 0x0000000702200000| Untracked 
|   3|0x0000000702400000, 0x0000000702400000, 0x0000000702600000|  0%| F|  |TAMS 0x0000000702400000, 0x0000000702400000| Untracked 
|   4|0x0000000702600000, 0x0000000702600000, 0x0000000702800000|  0%| F|  |TAMS 0x0000000702600000, 0x0000000702600000| Untracked 
|   5|0x0000000702800000, 0x0000000702800000, 0x0000000702a00000|  0%| F|  |TAMS 0x0000000702800000, 0x0000000702800000| Untracked 
|   6|0x0000000702a00000, 0x0000000702a00000, 0x0000000702c00000|  0%| F|  |TAMS 0x0000000702a00000, 0x0000000702a00000| Untracked 
|   7|0x0000000702c00000, 0x0000000702c00000, 0x0000000702e00000|  0%| F|  |TAMS 0x0000000702c00000, 0x0000000702c00000| Untracked 
|   8|0x0000000702e00000, 0x0000000702e00000, 0x0000000703000000|  0%| F|  |TAMS 0x0000000702e00000, 0x0000000702e00000| Untracked 
|   9|0x0000000703000000, 0x0000000703000000, 0x0000000703200000|  0%| F|  |TAMS 0x0000000703000000, 0x0000000703000000| Untracked 
|  10|0x0000000703200000, 0x0000000703200000, 0x0000000703400000|  0%| F|  |TAMS 0x0000000703200000, 0x0000000703200000| Untracked 
|  11|0x0000000703400000, 0x0000000703400000, 0x0000000703600000|  0%| F|  |TAMS 0x0000000703400000, 0x0000000703400000| Untracked 
|  12|0x0000000703600000, 0x0000000703600000, 0x0000000703800000|  0%| F|  |TAMS 0x0000000703600000, 0x0000000703600000| Untracked 
|  13|0x0000000703800000, 0x0000000703800000, 0x0000000703a00000|  0%| F|  |TAMS 0x0000000703800000, 0x0000000703800000| Untracked 
|  14|0x0000000703a00000, 0x0000000703a00000, 0x0000000703c00000|  0%| F|  |TAMS 0x0000000703a00000, 0x0000000703a00000| Untracked 
|  15|0x0000000703c00000, 0x0000000703c00000, 0x0000000703e00000|  0%| F|  |TAMS 0x0000000703c00000, 0x0000000703c00000| Untracked 
|  16|0x0000000703e00000, 0x0000000703e00000, 0x0000000704000000|  0%| F|  |TAMS 0x0000000703e00000, 0x0000000703e00000| Untracked 
|  17|0x0000000704000000, 0x0000000704000000, 0x0000000704200000|  0%| F|  |TAMS 0x0000000704000000, 0x0000000704000000| Untracked 
|  18|0x0000000704200000, 0x0000000704200000, 0x0000000704400000|  0%| F|  |TAMS 0x0000000704200000, 0x0000000704200000| Untracked 
|  19|0x0000000704400000, 0x0000000704400000, 0x0000000704600000|  0%| F|  |TAMS 0x0000000704400000, 0x0000000704400000| Untracked 
|  20|0x0000000704600000, 0x0000000704600000, 0x0000000704800000|  0%| F|  |TAMS 0x0000000704600000, 0x0000000704600000| Untracked 
|  21|0x0000000704800000, 0x0000000704800000, 0x0000000704a00000|  0%| F|  |TAMS 0x0000000704800000, 0x0000000704800000| Untracked 
|  22|0x0000000704a00000, 0x0000000704a00000, 0x0000000704c00000|  0%| F|  |TAMS 0x0000000704a00000, 0x0000000704a00000| Untracked 
|  23|0x0000000704c00000, 0x0000000704c00000, 0x0000000704e00000|  0%| F|  |TAMS 0x0000000704c00000, 0x0000000704c00000| Untracked 
|  24|0x0000000704e00000, 0x0000000704e00000, 0x0000000705000000|  0%| F|  |TAMS 0x0000000704e00000, 0x0000000704e00000| Untracked 
|  25|0x0000000705000000, 0x0000000705000000, 0x0000000705200000|  0%| F|  |TAMS 0x0000000705000000, 0x0000000705000000| Untracked 
|  26|0x0000000705200000, 0x0000000705200000, 0x0000000705400000|  0%| F|  |TAMS 0x0000000705200000, 0x0000000705200000| Untracked 
|  27|0x0000000705400000, 0x0000000705400000, 0x0000000705600000|  0%| F|  |TAMS 0x0000000705400000, 0x0000000705400000| Untracked 
|  28|0x0000000705600000, 0x0000000705600000, 0x0000000705800000|  0%| F|  |TAMS 0x0000000705600000, 0x0000000705600000| Untracked 
|  29|0x0000000705800000, 0x0000000705800000, 0x0000000705a00000|  0%| F|  |TAMS 0x0000000705800000, 0x0000000705800000| Untracked 
|  30|0x0000000705a00000, 0x0000000705a00000, 0x0000000705c00000|  0%| F|  |TAMS 0x0000000705a00000, 0x0000000705a00000| Untracked 
|  31|0x0000000705c00000, 0x0000000705c00000, 0x0000000705e00000|  0%| F|  |TAMS 0x0000000705c00000, 0x0000000705c00000| Untracked 
|  32|0x0000000705e00000, 0x0000000705e00000, 0x0000000706000000|  0%| F|  |TAMS 0x0000000705e00000, 0x0000000705e00000| Untracked 
|  33|0x0000000706000000, 0x0000000706000000, 0x0000000706200000|  0%| F|  |TAMS 0x0000000706000000, 0x0000000706000000| Untracked 
|  34|0x0000000706200000, 0x0000000706200000, 0x0000000706400000|  0%| F|  |TAMS 0x0000000706200000, 0x0000000706200000| Untracked 
|  35|0x0000000706400000, 0x0000000706400000, 0x0000000706600000|  0%| F|  |TAMS 0x0000000706400000, 0x0000000706400000| Untracked 
|  36|0x0000000706600000, 0x0000000706600000, 0x0000000706800000|  0%| F|  |TAMS 0x0000000706600000, 0x0000000706600000| Untracked 
|  37|0x0000000706800000, 0x0000000706800000, 0x0000000706a00000|  0%| F|  |TAMS 0x0000000706800000, 0x0000000706800000| Untracked 
|  38|0x0000000706a00000, 0x0000000706a00000, 0x0000000706c00000|  0%| F|  |TAMS 0x0000000706a00000, 0x0000000706a00000| Untracked 
|  39|0x0000000706c00000, 0x0000000706c00000, 0x0000000706e00000|  0%| F|  |TAMS 0x0000000706c00000, 0x0000000706c00000| Untracked 
|  40|0x0000000706e00000, 0x0000000706e00000, 0x0000000707000000|  0%| F|  |TAMS 0x0000000706e00000, 0x0000000706e00000| Untracked 
|  41|0x0000000707000000, 0x0000000707000000, 0x0000000707200000|  0%| F|  |TAMS 0x0000000707000000, 0x0000000707000000| Untracked 
|  42|0x0000000707200000, 0x0000000707200000, 0x0000000707400000|  0%| F|  |TAMS 0x0000000707200000, 0x0000000707200000| Untracked 
|  43|0x0000000707400000, 0x0000000707400000, 0x0000000707600000|  0%| F|  |TAMS 0x0000000707400000, 0x0000000707400000| Untracked 
|  44|0x0000000707600000, 0x0000000707600000, 0x0000000707800000|  0%| F|  |TAMS 0x0000000707600000, 0x0000000707600000| Untracked 
|  45|0x0000000707800000, 0x0000000707800000, 0x0000000707a00000|  0%| F|  |TAMS 0x0000000707800000, 0x0000000707800000| Untracked 
|  46|0x0000000707a00000, 0x0000000707a00000, 0x0000000707c00000|  0%| F|  |TAMS 0x0000000707a00000, 0x0000000707a00000| Untracked 
|  47|0x0000000707c00000, 0x0000000707c00000, 0x0000000707e00000|  0%| F|  |TAMS 0x0000000707c00000, 0x0000000707c00000| Untracked 
|  48|0x0000000707e00000, 0x0000000707e00000, 0x0000000708000000|  0%| F|  |TAMS 0x0000000707e00000, 0x0000000707e00000| Untracked 
|  49|0x0000000708000000, 0x0000000708000000, 0x0000000708200000|  0%| F|  |TAMS 0x0000000708000000, 0x0000000708000000| Untracked 
|  50|0x0000000708200000, 0x0000000708200000, 0x0000000708400000|  0%| F|  |TAMS 0x0000000708200000, 0x0000000708200000| Untracked 
|  51|0x0000000708400000, 0x0000000708400000, 0x0000000708600000|  0%| F|  |TAMS 0x0000000708400000, 0x0000000708400000| Untracked 
|  52|0x0000000708600000, 0x0000000708600000, 0x0000000708800000|  0%| F|  |TAMS 0x0000000708600000, 0x0000000708600000| Untracked 
|  53|0x0000000708800000, 0x0000000708800000, 0x0000000708a00000|  0%| F|  |TAMS 0x0000000708800000, 0x0000000708800000| Untracked 
|  54|0x0000000708a00000, 0x0000000708a00000, 0x0000000708c00000|  0%| F|  |TAMS 0x0000000708a00000, 0x0000000708a00000| Untracked 
|  55|0x0000000708c00000, 0x0000000708c00000, 0x0000000708e00000|  0%| F|  |TAMS 0x0000000708c00000, 0x0000000708c00000| Untracked 
|  56|0x0000000708e00000, 0x0000000708e00000, 0x0000000709000000|  0%| F|  |TAMS 0x0000000708e00000, 0x0000000708e00000| Untracked 
|  57|0x0000000709000000, 0x0000000709000000, 0x0000000709200000|  0%| F|  |TAMS 0x0000000709000000, 0x0000000709000000| Untracked 
|  58|0x0000000709200000, 0x0000000709200000, 0x0000000709400000|  0%| F|  |TAMS 0x0000000709200000, 0x0000000709200000| Untracked 
|  59|0x0000000709400000, 0x0000000709400000, 0x0000000709600000|  0%| F|  |TAMS 0x0000000709400000, 0x0000000709400000| Untracked 
|  60|0x0000000709600000, 0x0000000709600000, 0x0000000709800000|  0%| F|  |TAMS 0x0000000709600000, 0x0000000709600000| Untracked 
|  61|0x0000000709800000, 0x0000000709800000, 0x0000000709a00000|  0%| F|  |TAMS 0x0000000709800000, 0x0000000709800000| Untracked 
|  62|0x0000000709a00000, 0x0000000709a00000, 0x0000000709c00000|  0%| F|  |TAMS 0x0000000709a00000, 0x0000000709a00000| Untracked 
|  63|0x0000000709c00000, 0x0000000709c00000, 0x0000000709e00000|  0%| F|  |TAMS 0x0000000709c00000, 0x0000000709c00000| Untracked 
|  64|0x0000000709e00000, 0x0000000709e00000, 0x000000070a000000|  0%| F|  |TAMS 0x0000000709e00000, 0x0000000709e00000| Untracked 
|  65|0x000000070a000000, 0x000000070a000000, 0x000000070a200000|  0%| F|  |TAMS 0x000000070a000000, 0x000000070a000000| Untracked 
|  66|0x000000070a200000, 0x000000070a200000, 0x000000070a400000|  0%| F|  |TAMS 0x000000070a200000, 0x000000070a200000| Untracked 
|  67|0x000000070a400000, 0x000000070a400000, 0x000000070a600000|  0%| F|  |TAMS 0x000000070a400000, 0x000000070a400000| Untracked 
|  68|0x000000070a600000, 0x000000070a600000, 0x000000070a800000|  0%| F|  |TAMS 0x000000070a600000, 0x000000070a600000| Untracked 
|  69|0x000000070a800000, 0x000000070a800000, 0x000000070aa00000|  0%| F|  |TAMS 0x000000070a800000, 0x000000070a800000| Untracked 
|  70|0x000000070aa00000, 0x000000070aa00000, 0x000000070ac00000|  0%| F|  |TAMS 0x000000070aa00000, 0x000000070aa00000| Untracked 
|  71|0x000000070ac00000, 0x000000070ac00000, 0x000000070ae00000|  0%| F|  |TAMS 0x000000070ac00000, 0x000000070ac00000| Untracked 
|  72|0x000000070ae00000, 0x000000070ae00000, 0x000000070b000000|  0%| F|  |TAMS 0x000000070ae00000, 0x000000070ae00000| Untracked 
|  73|0x000000070b000000, 0x000000070b000000, 0x000000070b200000|  0%| F|  |TAMS 0x000000070b000000, 0x000000070b000000| Untracked 
|  74|0x000000070b200000, 0x000000070b200000, 0x000000070b400000|  0%| F|  |TAMS 0x000000070b200000, 0x000000070b200000| Untracked 
|  75|0x000000070b400000, 0x000000070b400000, 0x000000070b600000|  0%| F|  |TAMS 0x000000070b400000, 0x000000070b400000| Untracked 
|  76|0x000000070b600000, 0x000000070b600000, 0x000000070b800000|  0%| F|  |TAMS 0x000000070b600000, 0x000000070b600000| Untracked 
|  77|0x000000070b800000, 0x000000070b800000, 0x000000070ba00000|  0%| F|  |TAMS 0x000000070b800000, 0x000000070b800000| Untracked 
|  78|0x000000070ba00000, 0x000000070ba00000, 0x000000070bc00000|  0%| F|  |TAMS 0x000000070ba00000, 0x000000070ba00000| Untracked 
|  79|0x000000070bc00000, 0x000000070bc00000, 0x000000070be00000|  0%| F|  |TAMS 0x000000070bc00000, 0x000000070bc00000| Untracked 
|  80|0x000000070be00000, 0x000000070be00000, 0x000000070c000000|  0%| F|  |TAMS 0x000000070be00000, 0x000000070be00000| Untracked 
|  81|0x000000070c000000, 0x000000070c000000, 0x000000070c200000|  0%| F|  |TAMS 0x000000070c000000, 0x000000070c000000| Untracked 
|  82|0x000000070c200000, 0x000000070c200000, 0x000000070c400000|  0%| F|  |TAMS 0x000000070c200000, 0x000000070c200000| Untracked 
|  83|0x000000070c400000, 0x000000070c400000, 0x000000070c600000|  0%| F|  |TAMS 0x000000070c400000, 0x000000070c400000| Untracked 
|  84|0x000000070c600000, 0x000000070c600000, 0x000000070c800000|  0%| F|  |TAMS 0x000000070c600000, 0x000000070c600000| Untracked 
|  85|0x000000070c800000, 0x000000070c800000, 0x000000070ca00000|  0%| F|  |TAMS 0x000000070c800000, 0x000000070c800000| Untracked 
|  86|0x000000070ca00000, 0x000000070ca00000, 0x000000070cc00000|  0%| F|  |TAMS 0x000000070ca00000, 0x000000070ca00000| Untracked 
|  87|0x000000070cc00000, 0x000000070cc00000, 0x000000070ce00000|  0%| F|  |TAMS 0x000000070cc00000, 0x000000070cc00000| Untracked 
|  88|0x000000070ce00000, 0x000000070ce00000, 0x000000070d000000|  0%| F|  |TAMS 0x000000070ce00000, 0x000000070ce00000| Untracked 
|  89|0x000000070d000000, 0x000000070d000000, 0x000000070d200000|  0%| F|  |TAMS 0x000000070d000000, 0x000000070d000000| Untracked 
|  90|0x000000070d200000, 0x000000070d200000, 0x000000070d400000|  0%| F|  |TAMS 0x000000070d200000, 0x000000070d200000| Untracked 
|  91|0x000000070d400000, 0x000000070d400000, 0x000000070d600000|  0%| F|  |TAMS 0x000000070d400000, 0x000000070d400000| Untracked 
|  92|0x000000070d600000, 0x000000070d600000, 0x000000070d800000|  0%| F|  |TAMS 0x000000070d600000, 0x000000070d600000| Untracked 
|  93|0x000000070d800000, 0x000000070d800000, 0x000000070da00000|  0%| F|  |TAMS 0x000000070d800000, 0x000000070d800000| Untracked 
|  94|0x000000070da00000, 0x000000070da00000, 0x000000070dc00000|  0%| F|  |TAMS 0x000000070da00000, 0x000000070da00000| Untracked 
|  95|0x000000070dc00000, 0x000000070dc00000, 0x000000070de00000|  0%| F|  |TAMS 0x000000070dc00000, 0x000000070dc00000| Untracked 
|  96|0x000000070de00000, 0x000000070de00000, 0x000000070e000000|  0%| F|  |TAMS 0x000000070de00000, 0x000000070de00000| Untracked 
|  97|0x000000070e000000, 0x000000070e000000, 0x000000070e200000|  0%| F|  |TAMS 0x000000070e000000, 0x000000070e000000| Untracked 
|  98|0x000000070e200000, 0x000000070e200000, 0x000000070e400000|  0%| F|  |TAMS 0x000000070e200000, 0x000000070e200000| Untracked 
|  99|0x000000070e400000, 0x000000070e400000, 0x000000070e600000|  0%| F|  |TAMS 0x000000070e400000, 0x000000070e400000| Untracked 
| 100|0x000000070e600000, 0x000000070e600000, 0x000000070e800000|  0%| F|  |TAMS 0x000000070e600000, 0x000000070e600000| Untracked 
| 101|0x000000070e800000, 0x000000070e800000, 0x000000070ea00000|  0%| F|  |TAMS 0x000000070e800000, 0x000000070e800000| Untracked 
| 102|0x000000070ea00000, 0x000000070ea00000, 0x000000070ec00000|  0%| F|  |TAMS 0x000000070ea00000, 0x000000070ea00000| Untracked 
| 103|0x000000070ec00000, 0x000000070ec00000, 0x000000070ee00000|  0%| F|  |TAMS 0x000000070ec00000, 0x000000070ec00000| Untracked 
| 104|0x000000070ee00000, 0x000000070ee00000, 0x000000070f000000|  0%| F|  |TAMS 0x000000070ee00000, 0x000000070ee00000| Untracked 
| 105|0x000000070f000000, 0x000000070f000000, 0x000000070f200000|  0%| F|  |TAMS 0x000000070f000000, 0x000000070f000000| Untracked 
| 106|0x000000070f200000, 0x000000070f200000, 0x000000070f400000|  0%| F|  |TAMS 0x000000070f200000, 0x000000070f200000| Untracked 
| 107|0x000000070f400000, 0x000000070f400000, 0x000000070f600000|  0%| F|  |TAMS 0x000000070f400000, 0x000000070f400000| Untracked 
| 108|0x000000070f600000, 0x000000070f600000, 0x000000070f800000|  0%| F|  |TAMS 0x000000070f600000, 0x000000070f600000| Untracked 
| 109|0x000000070f800000, 0x000000070f800000, 0x000000070fa00000|  0%| F|  |TAMS 0x000000070f800000, 0x000000070f800000| Untracked 
| 110|0x000000070fa00000, 0x000000070fa00000, 0x000000070fc00000|  0%| F|  |TAMS 0x000000070fa00000, 0x000000070fa00000| Untracked 
| 111|0x000000070fc00000, 0x000000070fc00000, 0x000000070fe00000|  0%| F|  |TAMS 0x000000070fc00000, 0x000000070fc00000| Untracked 
| 112|0x000000070fe00000, 0x000000070fe00000, 0x0000000710000000|  0%| F|  |TAMS 0x000000070fe00000, 0x000000070fe00000| Untracked 
| 113|0x0000000710000000, 0x0000000710000000, 0x0000000710200000|  0%| F|  |TAMS 0x0000000710000000, 0x0000000710000000| Untracked 
| 114|0x0000000710200000, 0x0000000710200000, 0x0000000710400000|  0%| F|  |TAMS 0x0000000710200000, 0x0000000710200000| Untracked 
| 115|0x0000000710400000, 0x0000000710400000, 0x0000000710600000|  0%| F|  |TAMS 0x0000000710400000, 0x0000000710400000| Untracked 
| 116|0x0000000710600000, 0x0000000710600000, 0x0000000710800000|  0%| F|  |TAMS 0x0000000710600000, 0x0000000710600000| Untracked 
| 117|0x0000000710800000, 0x0000000710800000, 0x0000000710a00000|  0%| F|  |TAMS 0x0000000710800000, 0x0000000710800000| Untracked 
| 118|0x0000000710a00000, 0x0000000710a00000, 0x0000000710c00000|  0%| F|  |TAMS 0x0000000710a00000, 0x0000000710a00000| Untracked 
| 119|0x0000000710c00000, 0x0000000710c00000, 0x0000000710e00000|  0%| F|  |TAMS 0x0000000710c00000, 0x0000000710c00000| Untracked 
| 120|0x0000000710e00000, 0x0000000710e00000, 0x0000000711000000|  0%| F|  |TAMS 0x0000000710e00000, 0x0000000710e00000| Untracked 
| 121|0x0000000711000000, 0x0000000711000000, 0x0000000711200000|  0%| F|  |TAMS 0x0000000711000000, 0x0000000711000000| Untracked 
| 122|0x0000000711200000, 0x0000000711200000, 0x0000000711400000|  0%| F|  |TAMS 0x0000000711200000, 0x0000000711200000| Untracked 
| 123|0x0000000711400000, 0x0000000711400000, 0x0000000711600000|  0%| F|  |TAMS 0x0000000711400000, 0x0000000711400000| Untracked 
| 124|0x0000000711600000, 0x0000000711600000, 0x0000000711800000|  0%| F|  |TAMS 0x0000000711600000, 0x0000000711600000| Untracked 
| 125|0x0000000711800000, 0x00000007119e0e38, 0x0000000711a00000| 93%| E|  |TAMS 0x0000000711800000, 0x0000000711800000| Complete 
| 126|0x0000000711a00000, 0x0000000711c00000, 0x0000000711c00000|100%| E|CS|TAMS 0x0000000711a00000, 0x0000000711a00000| Complete 
| 127|0x0000000711c00000, 0x0000000711e00000, 0x0000000711e00000|100%| E|CS|TAMS 0x0000000711c00000, 0x0000000711c00000| Complete 

Card table byte_map: [0x000001a1ca860000,0x000001a1cb060000] _byte_map_base: 0x000001a1c7051000

Marking Bits (Prev, Next): (CMBitMap*) 0x000001a1b57183e0, (CMBitMap*) 0x000001a1b5718420
 Prev Bits: [0x000001a1cb860000, 0x000001a1cf7e8000)
 Next Bits: [0x000001a1cf7f0000, 0x000001a1d3778000)

Polling page: 0x000001a1ba5d0000

Metaspace:

Usage:
  Non-class:      9.78 MB used.
      Class:      1.04 MB used.
       Both:     10.82 MB used.

Virtual space:
  Non-class space:       16.00 MB reserved,       9.88 MB ( 62%) committed,  2 nodes.
      Class space:        1.00 GB reserved,       1.12 MB ( <1%) committed,  1 nodes.
             Both:        1.02 GB reserved,      11.00 MB (  1%) committed. 

Chunk freelists:
   Non-Class:  2.01 MB
       Class:  2.73 MB
        Both:  4.74 MB

MaxMetaspaceSize: unlimited
CompressedClassSpaceSize: 1.00 GB
Initial GC threshold: 21.00 MB
Current GC threshold: 21.00 MB
CDS: off
MetaspaceReclaimPolicy: balanced
 - commit_granule_bytes: 65536.
 - commit_granule_words: 8192.
 - virtual_space_node_default_size: 1048576.
 - enlarge_chunks_in_place: 1.
 - new_chunks_are_fully_committed: 0.
 - uncommit_free_chunks: 1.
 - use_allocation_guard: 0.
 - handle_deallocations: 1.


Internal statistics:

num_allocs_failed_limit: 0.
num_arena_births: 56.
num_arena_deaths: 0.
num_vsnodes_births: 3.
num_vsnodes_deaths: 0.
num_space_committed: 176.
num_space_uncommitted: 0.
num_chunks_returned_to_freelist: 0.
num_chunks_taken_from_freelist: 107.
num_chunk_merges: 0.
num_chunk_splits: 55.
num_chunks_enlarged: 36.
num_purges: 0.
num_inconsistent_stats: 0.

CodeHeap 'non-profiled nmethods': size=120000Kb used=160Kb max_used=160Kb free=119839Kb
 bounds [0x000001a1c20c0000, 0x000001a1c2330000, 0x000001a1c95f0000]
CodeHeap 'profiled nmethods': size=120000Kb used=747Kb max_used=747Kb free=119253Kb
 bounds [0x000001a1ba5f0000, 0x000001a1ba860000, 0x000001a1c1b20000]
CodeHeap 'non-nmethods': size=5760Kb used=1149Kb max_used=1163Kb free=4610Kb
 bounds [0x000001a1c1b20000, 0x000001a1c1d90000, 0x000001a1c20c0000]
 total_blobs=966 nmethods=526 adapters=353
 compilation: enabled
              stopped_count=0, restarted_count=0
 full_count=0

Compilation events (20 events):
Event: 0.346 Thread 0x000001a1d6cb1c90  426       3       java.util.Arrays::copyOf (40 bytes)
Event: 0.346 Thread 0x000001a1d6cb1c90 nmethod 426 0x000001a1ba68a410 code [0x000001a1ba68a600, 0x000001a1ba68ace8]
Event: 0.346 Thread 0x000001a1d6cb1c90  430       3       java.lang.reflect.Modifier::isProtected (12 bytes)
Event: 0.346 Thread 0x000001a1d6cb1c90 nmethod 430 0x000001a1ba68af10 code [0x000001a1ba68b0a0, 0x000001a1ba68b1f8]
Event: 0.346 Thread 0x000001a1d6cb1c90  432       1       jdk.internal.org.objectweb.asm.SymbolTable::getMajorVersion (5 bytes)
Event: 0.346 Thread 0x000001a1d6cb1c90 nmethod 432 0x000001a1c20e0710 code [0x000001a1c20e08a0, 0x000001a1c20e0978]
Event: 0.346 Thread 0x000001a1d6e822f0  434       4       jdk.internal.org.objectweb.asm.ByteVector::putUTF8 (144 bytes)
Event: 0.346 Thread 0x000001a1d6cb1c90  433       3       jdk.internal.misc.Unsafe::allocateUninitializedArray (55 bytes)
Event: 0.346 Thread 0x000001a1d6cb1c90 nmethod 433 0x000001a1ba68b290 code [0x000001a1ba68b480, 0x000001a1ba68b8f8]
Event: 0.346 Thread 0x000001a1d6cb1c90  436       3       jdk.internal.org.objectweb.asm.SymbolTable::addConstantUtf8Reference (101 bytes)
Event: 0.347 Thread 0x000001a1d6cb1c90 nmethod 436 0x000001a1ba68ba90 code [0x000001a1ba68bca0, 0x000001a1ba68c298]
Event: 0.347 Thread 0x000001a1d6cb1c90  437       3       java.util.Arrays::equals (57 bytes)
Event: 0.348 Thread 0x000001a1d6cb1c90 nmethod 437 0x000001a1ba68c590 code [0x000001a1ba68c780, 0x000001a1ba68cd68]
Event: 0.348 Thread 0x000001a1d6cb1c90  435       3       jdk.internal.org.objectweb.asm.SymbolTable::addConstantClass (8 bytes)
Event: 0.348 Thread 0x000001a1d6cb1c90 nmethod 435 0x000001a1ba68cf10 code [0x000001a1ba68d0a0, 0x000001a1ba68d1e8]
Event: 0.348 Thread 0x000001a1d6cb1c90  438       3       java.lang.Object::equals (11 bytes)
Event: 0.348 Thread 0x000001a1d6cb1c90 nmethod 438 0x000001a1ba68d290 code [0x000001a1ba68d420, 0x000001a1ba68d598]
Event: 0.348 Thread 0x000001a1d6cb1c90  439       3       java.lang.String::replace (42 bytes)
Event: 0.348 Thread 0x000001a1d6cb1c90 nmethod 439 0x000001a1ba68d610 code [0x000001a1ba68d7e0, 0x000001a1ba68db18]
Event: 0.350 Thread 0x000001a1d6cb1c90  441       3       sun.invoke.util.VerifyAccess::isSamePackage (37 bytes)

GC Heap History (0 events):
No events

Dll operation events (1 events):
Event: 0.005 Loaded shared library C:\Program Files\JetBrains\IntelliJ IDEA 2023.1.1\jbr\bin\java.dll

Deoptimization events (2 events):
Event: 0.328 Thread 0x000001a1b56ae560 DEOPT PACKING pc=0x000001a1ba62352d sp=0x0000000a530fdec0
Event: 0.328 Thread 0x000001a1b56ae560 DEOPT UNPACKING pc=0x000001a1c1b77143 sp=0x0000000a530fd358 mode 0

Classes unloaded (0 events):
No events

Classes redefined (0 events):
No events

Internal exceptions (15 events):
Event: 0.200 Thread 0x000001a1b56ae560 Exception <a 'sun/nio/fs/WindowsException'{0x0000000711b031d0}> (0x0000000711b031d0) 
thrown [s\src\hotspot\share\prims\jni.cpp, line 517]
Event: 0.216 Thread 0x000001a1b56ae560 Exception <a 'java/lang/NoSuchMethodError'{0x0000000711b2e650}: 'int java.lang.invoke.DirectMethodHandle$Holder.invokeStaticInit(java.lang.Object, java.lang.Object, java.lang.Object, java.lang.Object)'> (0x0000000711b2e650) 
thrown [s\src\hotspot\share\interpreter\linkResolver.cpp, line 771]
Event: 0.217 Thread 0x000001a1b56ae560 Exception <a 'java/lang/NoSuchMethodError'{0x0000000711b392b0}: 'java.lang.Object java.lang.invoke.DirectMethodHandle$Holder.invokeInterface(java.lang.Object, java.lang.Object)'> (0x0000000711b392b0) 
thrown [s\src\hotspot\share\interpreter\linkResolver.cpp, line 771]
Event: 0.217 Thread 0x000001a1b56ae560 Exception <a 'java/lang/IncompatibleClassChangeError'{0x0000000711b3cbd0}: Found class java.lang.Object, but interface was expected> (0x0000000711b3cbd0) 
thrown [s\src\hotspot\share\interpreter\linkResolver.cpp, line 838]
Event: 0.218 Thread 0x000001a1b56ae560 Exception <a 'java/lang/NoSuchMethodError'{0x0000000711b3ff80}: 'void java.lang.invoke.DirectMethodHandle$Holder.invokeStatic(java.lang.Object, java.lang.Object)'> (0x0000000711b3ff80) 
thrown [s\src\hotspot\share\interpreter\linkResolver.cpp, line 771]
Event: 0.218 Thread 0x000001a1b56ae560 Exception <a 'java/lang/NoSuchMethodError'{0x0000000711b43898}: 'void java.lang.invoke.DirectMethodHandle$Holder.invokeStaticInit(java.lang.Object, java.lang.Object)'> (0x0000000711b43898) 
thrown [s\src\hotspot\share\interpreter\linkResolver.cpp, line 771]
Event: 0.220 Thread 0x000001a1b56ae560 Exception <a 'java/lang/NoSuchMethodError'{0x0000000711b4a130}: 'int java.lang.invoke.DirectMethodHandle$Holder.invokeStaticInit(java.lang.Object, java.lang.Object)'> (0x0000000711b4a130) 
thrown [s\src\hotspot\share\interpreter\linkResolver.cpp, line 771]
Event: 0.255 Thread 0x000001a1b56ae560 Exception <a 'java/lang/NoSuchMethodError'{0x0000000711831a28}: 'java.lang.Object java.lang.invoke.DirectMethodHandle$Holder.invokeStaticInit(java.lang.Object, int, int, int, int)'> (0x0000000711831a28) 
thrown [s\src\hotspot\share\interpreter\linkResolver.cpp, line 771]
Event: 0.329 Thread 0x000001a1b56ae560 Exception <a 'java/lang/NoSuchMethodError'{0x0000000711896200}: 'java.lang.Object java.lang.invoke.DirectMethodHandle$Holder.invokeStaticInit(java.lang.Object, java.lang.Object, int, int, int, int)'> (0x0000000711896200) 
thrown [s\src\hotspot\share\interpreter\linkResolver.cpp, line 771]
Event: 0.339 Thread 0x000001a1b56ae560 Exception <a 'java/lang/NoSuchMethodError'{0x00000007118e1728}: 'java.lang.Object java.lang.invoke.DirectMethodHandle$Holder.invokeStatic(java.lang.Object, java.lang.Object, int)'> (0x00000007118e1728) 
thrown [s\src\hotspot\share\interpreter\linkResolver.cpp, line 771]
Event: 0.339 Thread 0x000001a1b56ae560 Exception <a 'java/lang/NoSuchMethodError'{0x00000007119026e8}: 'java.lang.Object java.lang.invoke.DirectMethodHandle$Holder.invokeStaticInit(java.lang.Object, java.lang.Object, int)'> (0x00000007119026e8) 
thrown [s\src\hotspot\share\interpreter\linkResolver.cpp, line 771]
Event: 0.340 Thread 0x000001a1b56ae560 Exception <a 'java/lang/NoSuchMethodError'{0x0000000711908a98}: 'java.lang.Object java.lang.invoke.DirectMethodHandle$Holder.newInvokeSpecial(java.lang.Object, java.lang.Object, int)'> (0x0000000711908a98) 
thrown [s\src\hotspot\share\interpreter\linkResolver.cpp, line 771]
Event: 0.343 Thread 0x000001a1b56ae560 Exception <a 'java/lang/NoSuchMethodError'{0x0000000711918330}: 'int java.lang.invoke.DirectMethodHandle$Holder.invokeStaticInit(java.lang.Object, java.lang.Object, java.lang.Object)'> (0x0000000711918330) 
thrown [s\src\hotspot\share\interpreter\linkResolver.cpp, line 771]
Event: 0.345 Thread 0x000001a1b56ae560 Exception <a 'java/lang/NoSuchMethodError'{0x0000000711928510}: 'int java.lang.invoke.DirectMethodHandle$Holder.invokeSpecial(java.lang.Object, java.lang.Object, java.lang.Object)'> (0x0000000711928510) 
thrown [s\src\hotspot\share\interpreter\linkResolver.cpp, line 771]
Event: 0.346 Thread 0x000001a1b56ae560 Exception <a 'java/lang/NoSuchMethodError'{0x00000007119308f0}: 'int java.lang.invoke.DirectMethodHandle$Holder.invokeSpecialIFC(java.lang.Object, java.lang.Object, java.lang.Object)'> (0x00000007119308f0) 
thrown [s\src\hotspot\share\interpreter\linkResolver.cpp, line 771]

VM Operations (6 events):
Event: 0.103 Executing VM operation: HandshakeAllThreads
Event: 0.103 Executing VM operation: HandshakeAllThreads done
Event: 0.116 Executing VM operation: HandshakeAllThreads
Event: 0.116 Executing VM operation: HandshakeAllThreads done
Event: 0.266 Executing VM operation: HandshakeAllThreads
Event: 0.266 Executing VM operation: HandshakeAllThreads done

Events (20 events):
Event: 0.338 loading class java/lang/System$Logger
Event: 0.338 loading class java/lang/System$Logger done
Event: 0.338 loading class javax/net/ssl/SSLSession
Event: 0.339 loading class javax/net/ssl/SSLSession done
Event: 0.341 loading class sun/net/NetProperties
Event: 0.341 loading class sun/net/NetProperties done
Event: 0.341 loading class sun/net/NetProperties$1
Event: 0.341 loading class sun/net/NetProperties$1 done
Event: 0.342 loading class java/util/function/BiPredicate
Event: 0.343 loading class java/util/function/BiPredicate done
Event: 0.348 loading class java/util/stream/Collectors
Event: 0.349 loading class java/util/stream/Collectors done
Event: 0.349 loading class java/util/stream/Collector$Characteristics
Event: 0.349 loading class java/util/stream/Collector$Characteristics done
Event: 0.349 loading class java/util/stream/Collectors$CollectorImpl
Event: 0.349 loading class java/util/stream/Collector
Event: 0.349 loading class java/util/stream/Collector done
Event: 0.349 loading class java/util/stream/Collectors$CollectorImpl done
Event: 0.350 loading class java/util/function/BiConsumer
Event: 0.350 loading class java/util/function/BiConsumer done


Dynamic libraries:
0x00007ff747140000 - 0x00007ff74714a000 	C:\Program Files\JetBrains\IntelliJ IDEA 2023.1.1\jbr\bin\java.exe
0x00007ffce48b0000 - 0x00007ffce4aa8000 	C:\WINDOWS\SYSTEM32\ntdll.dll
0x00007ffce36b0000 - 0x00007ffce376f000 	C:\WINDOWS\System32\KERNEL32.DLL
0x00007ffce23b0000 - 0x00007ffce26a6000 	C:\WINDOWS\System32\KERNELBASE.dll
0x00007ffce2280000 - 0x00007ffce2380000 	C:\WINDOWS\System32\ucrtbase.dll
0x00007ffcbf690000 - 0x00007ffcbf6a7000 	C:\Program Files\JetBrains\IntelliJ IDEA 2023.1.1\jbr\bin\jli.dll
0x00007ffcbecd0000 - 0x00007ffcbeceb000 	C:\Program Files\JetBrains\IntelliJ IDEA 2023.1.1\jbr\bin\VCRUNTIME140.dll
0x00007ffce4660000 - 0x00007ffce47fd000 	C:\WINDOWS\System32\USER32.dll
0x00007ffce2380000 - 0x00007ffce23a2000 	C:\WINDOWS\System32\win32u.dll
0x00007ffcd2880000 - 0x00007ffcd2b1a000 	C:\WINDOWS\WinSxS\amd64_microsoft.windows.common-controls_6595b64144ccf1df_6.0.19041.1110_none_60b5254171f9507e\COMCTL32.dll
0x00007ffce3530000 - 0x00007ffce355c000 	C:\WINDOWS\System32\GDI32.dll
0x00007ffce2050000 - 0x00007ffce2165000 	C:\WINDOWS\System32\gdi32full.dll
0x00007ffce3340000 - 0x00007ffce33de000 	C:\WINDOWS\System32\msvcrt.dll
0x00007ffce2170000 - 0x00007ffce220d000 	C:\WINDOWS\System32\msvcp_win.dll
0x00007ffce2f20000 - 0x00007ffce2f50000 	C:\WINDOWS\System32\IMM32.DLL
0x00007ffccbc30000 - 0x00007ffccbc3c000 	C:\Program Files\JetBrains\IntelliJ IDEA 2023.1.1\jbr\bin\vcruntime140_1.dll
0x00007ffc88fe0000 - 0x00007ffc8906d000 	C:\Program Files\JetBrains\IntelliJ IDEA 2023.1.1\jbr\bin\msvcp140.dll
0x00007ffca1a90000 - 0x00007ffca26fe000 	C:\Program Files\JetBrains\IntelliJ IDEA 2023.1.1\jbr\bin\server\jvm.dll
0x00007ffce2910000 - 0x00007ffce29bf000 	C:\WINDOWS\System32\ADVAPI32.dll
0x00007ffce2db0000 - 0x00007ffce2e4c000 	C:\WINDOWS\System32\sechost.dll
0x00007ffce3770000 - 0x00007ffce3896000 	C:\WINDOWS\System32\RPCRT4.dll
0x00007ffcd8210000 - 0x00007ffcd8219000 	C:\WINDOWS\SYSTEM32\WSOCK32.dll
0x00007ffcd2850000 - 0x00007ffcd2877000 	C:\WINDOWS\SYSTEM32\WINMM.dll
0x00007ffce35c0000 - 0x00007ffce362b000 	C:\WINDOWS\System32\WS2_32.dll
0x00007ffcd86c0000 - 0x00007ffcd86ca000 	C:\WINDOWS\SYSTEM32\VERSION.dll
0x00007ffce0820000 - 0x00007ffce0832000 	C:\WINDOWS\SYSTEM32\kernel.appcore.dll
0x00007ffcd4a70000 - 0x00007ffcd4a7a000 	C:\Program Files\JetBrains\IntelliJ IDEA 2023.1.1\jbr\bin\jimage.dll
0x00007ffcdcba0000 - 0x00007ffcdcd84000 	C:\WINDOWS\SYSTEM32\DBGHELP.DLL
0x00007ffcd6240000 - 0x00007ffcd6274000 	C:\WINDOWS\SYSTEM32\dbgcore.DLL
0x00007ffce1f90000 - 0x00007ffce2012000 	C:\WINDOWS\System32\bcryptPrimitives.dll
0x00007ffcbf860000 - 0x00007ffcbf885000 	C:\Program Files\JetBrains\IntelliJ IDEA 2023.1.1\jbr\bin\java.dll
0x00007ffcd4a50000 - 0x00007ffcd4a68000 	C:\Program Files\JetBrains\IntelliJ IDEA 2023.1.1\jbr\bin\zip.dll
0x00007ffce3e40000 - 0x00007ffce4584000 	C:\WINDOWS\System32\SHELL32.dll
0x00007ffce0020000 - 0x00007ffce07b3000 	C:\WINDOWS\SYSTEM32\windows.storage.dll
0x00007ffce2a50000 - 0x00007ffce2da4000 	C:\WINDOWS\System32\combase.dll
0x00007ffce1900000 - 0x00007ffce192e000 	C:\WINDOWS\SYSTEM32\Wldp.dll
0x00007ffce4590000 - 0x00007ffce463d000 	C:\WINDOWS\System32\SHCORE.dll
0x00007ffce34c0000 - 0x00007ffce3515000 	C:\WINDOWS\System32\shlwapi.dll
0x00007ffce1ed0000 - 0x00007ffce1eef000 	C:\WINDOWS\SYSTEM32\profapi.dll
0x00007ffccbcf0000 - 0x00007ffccbd09000 	C:\Program Files\JetBrains\IntelliJ IDEA 2023.1.1\jbr\bin\net.dll
0x00007ffcd6130000 - 0x00007ffcd623a000 	C:\WINDOWS\SYSTEM32\WINHTTP.dll
0x00007ffce1660000 - 0x00007ffce16ca000 	C:\WINDOWS\system32\mswsock.dll
0x00007ffcca9c0000 - 0x00007ffcca9d6000 	C:\Program Files\JetBrains\IntelliJ IDEA 2023.1.1\jbr\bin\nio.dll
0x00007ffcceb80000 - 0x00007ffcceb8e000 	C:\Program Files\JetBrains\IntelliJ IDEA 2023.1.1\jbr\bin\sunmscapi.dll
0x00007ffce26b0000 - 0x00007ffce280e000 	C:\WINDOWS\System32\CRYPT32.dll
0x00007ffce1970000 - 0x00007ffce1998000 	C:\WINDOWS\SYSTEM32\ncrypt.dll
0x00007ffce1930000 - 0x00007ffce196b000 	C:\WINDOWS\SYSTEM32\NTASN1.dll
0x00007ffce1860000 - 0x00007ffce1878000 	C:\WINDOWS\SYSTEM32\CRYPTSP.dll
0x00007ffce0f80000 - 0x00007ffce0fb4000 	C:\WINDOWS\system32\rsaenh.dll
0x00007ffce2020000 - 0x00007ffce2047000 	C:\WINDOWS\System32\bcrypt.dll
0x00007ffce1e90000 - 0x00007ffce1ebe000 	C:\WINDOWS\SYSTEM32\USERENV.dll
0x00007ffce1850000 - 0x00007ffce185c000 	C:\WINDOWS\SYSTEM32\CRYPTBASE.dll
0x00007ffce1350000 - 0x00007ffce138c000 	C:\WINDOWS\SYSTEM32\IPHLPAPI.DLL
0x00007ffce4800000 - 0x00007ffce4808000 	C:\WINDOWS\System32\NSI.dll
0x00007ffcd6380000 - 0x00007ffcd6397000 	C:\WINDOWS\SYSTEM32\dhcpcsvc6.DLL
0x00007ffcd6e20000 - 0x00007ffcd6e3d000 	C:\WINDOWS\SYSTEM32\dhcpcsvc.DLL
0x00007ffce1390000 - 0x00007ffce145a000 	C:\WINDOWS\SYSTEM32\DNSAPI.dll

dbghelp: loaded successfully - version: 4.0.5 - missing functions: none
symbol engine: initialized successfully - sym options: 0x614 - pdb path: .;C:\Program Files\JetBrains\IntelliJ IDEA 2023.1.1\jbr\bin;C:\WINDOWS\SYSTEM32;C:\WINDOWS\WinSxS\amd64_microsoft.windows.common-controls_6595b64144ccf1df_6.0.19041.1110_none_60b5254171f9507e;C:\Program Files\JetBrains\IntelliJ IDEA 2023.1.1\jbr\bin\server

VM Arguments:
java_command: git4idea.http.GitAskPassApp Username for 'https://github.com': 
java_class_path (initial): C:/Program Files/JetBrains/IntelliJ IDEA 2023.1.1/plugins/vcs-git/lib/git4idea-rt.jar;C:/Program Files/JetBrains/IntelliJ IDEA 2023.1.1/lib/externalProcess-rt.jar
Launcher Type: SUN_STANDARD

[Global flags]
     intx CICompilerCount                          = 4                                         {product} {ergonomic}
     uint ConcGCThreads                            = 2                                         {product} {ergonomic}
     uint G1ConcRefinementThreads                  = 8                                         {product} {ergonomic}
   size_t G1HeapRegionSize                         = 2097152                                   {product} {ergonomic}
    uintx GCDrainStackTargetSize                   = 64                                        {product} {ergonomic}
   size_t InitialHeapSize                          = 268435456                                 {product} {ergonomic}
   size_t MarkStackSize                            = 4194304                                   {product} {ergonomic}
   size_t MaxHeapSize                              = 4263510016                                {product} {ergonomic}
   size_t MaxNewSize                               = 2556428288                                {product} {ergonomic}
   size_t MinHeapDeltaBytes                        = 2097152                                   {product} {ergonomic}
   size_t MinHeapSize                              = 8388608                                   {product} {ergonomic}
    uintx NonNMethodCodeHeapSize                   = 5839372                                {pd product} {ergonomic}
    uintx NonProfiledCodeHeapSize                  = 122909434                              {pd product} {ergonomic}
    uintx ProfiledCodeHeapSize                     = 122909434                              {pd product} {ergonomic}
    uintx ReservedCodeCacheSize                    = 251658240                              {pd product} {ergonomic}
     bool SegmentedCodeCache                       = true                                      {product} {ergonomic}
   size_t SoftMaxHeapSize                          = 4263510016                             {manageable} {ergonomic}
     bool UseCompressedClassPointers               = true                           {product lp64_product} {ergonomic}
     bool UseCompressedOops                        = true                           {product lp64_product} {ergonomic}
     bool UseG1GC                                  = true                                      {product} {ergonomic}
     bool UseLargePagesIndividualAllocation        = false                                  {pd product} {ergonomic}

Logging:
Log output configuration:
 #0: stdout all=warning uptime,level,tags
 #1: stderr all=off uptime,level,tags

Environment Variables:
JAVA_HOME=C:\Program Files\Java\jdk-20\
PATH=C:\Program Files\Git\mingw64\libexec\git-core;C:\Program Files\Git\mingw64\libexec\git-core;C:\Program Files\Git\mingw64\bin;C:\Program Files\Git\usr\bin;C:\Users\admin\bin;C:\Program Files\Common Files\Oracle\Java\javapath;C:\WINDOWS\system32;C:\WINDOWS;C:\WINDOWS\System32\Wbem;C:\WINDOWS\System32\WindowsPowerShell\v1.0;C:\WINDOWS\System32\OpenSSH;C:\Program Files\dotnet;C:\Program Files\Git\cmd;C:\Program Files (x86)\nodejs;C:\Users\admin\Desktop\apache-maven-3.9.1\bin;C:\Program Files\Java\jdk-20\bin;C:\Program Files\MySQL\MySQL Shell 8.0\bin;C:\Users\admin\AppData\Local\Microsoft\WindowsApps;C:\Users\admin\AppData\Local\Programs\Microsoft VS Code\bin;C:\Users\admin\AppData\Roaming\npm;C:\Program Files\JetBrains\IntelliJ IDEA 2023.1.1\bin;C:\Users\admin\Desktop\apache-maven-3.9.1\bin;C:\Program Files\Java\jdk-20\bin
USERNAME=admin
DISPLAY=:0.0
LC_ALL=en_US.UTF-8
TERM=xterm-256color
TMPDIR=C:\Users\admin\AppData\Local\Temp
OS=Windows_NT
PROCESSOR_IDENTIFIER=Intel64 Family 6 Model 142 Stepping 10, GenuineIntel
TMP=C:\Users\admin\AppData\Local\Temp
TEMP=C:\Users\admin\AppData\Local\Temp


JNI global refs:
JNI global refs: 18, weak refs: 0

JNI global refs memory usage: 843, weak refs: 209


---------------  S Y S T E M  ---------------

OS:
 Windows 10 , 64 bit Build 19041 (10.0.19041.3031)
OS uptime: 6 days 8:21 hours

CPU: total 8 (initial active 8) (4 cores per cpu, 2 threads per core) family 6 model 142 stepping 10 microcode 0xf0, cx8, cmov, fxsr, ht, mmx, 3dnowpref, sse, sse2, sse3, ssse3, sse4.1, sse4.2, popcnt, lzcnt, tsc, tscinvbit, avx, avx2, aes, erms, clmul, bmi1, bmi2, rtm, adx, fma, vzeroupper, clflush, clflushopt

Memory: 4k page, system-wide physical 16259M (4437M free)
TotalPageFile size 17259M (AvailPageFile size 2M)
current process WorkingSet (physical memory assigned to process): 51M, peak: 51M
current process commit charge ("private bytes"): 347M, peak: 347M

vm_info: OpenJDK 64-Bit Server VM (17.0.6+10-b829.9) for windows-amd64 JRE (17.0.6+10-b829.9), built on 2023-04-09 by "builduser" with MS VC++ 16.10 / 16.11 (VS2019)

END.
